<?xml version="1.0" encoding="UTF-8"?>
<testng-results skipped="0" failed="0" total="1" passed="1">
  <reporter-output>
  </reporter-output>
  <suite name="Default suite" duration-ms="9576" started-at="2018-12-05T02:08:06Z" finished-at="2018-12-05T02:08:15Z">
    <groups>
    </groups>
    <test name="Default test" duration-ms="9576" started-at="2018-12-05T02:08:06Z" finished-at="2018-12-05T02:08:15Z">
      <class name="brokenimage">
        <test-method status="PASS" signature="testdriver()[pri:0, instance:brokenimage@3532ec19]" name="testdriver" duration-ms="9560" started-at="2018-12-05T07:38:06Z" finished-at="2018-12-05T07:38:15Z">
          <reporter-output>
          </reporter-output>
        </test-method> <!-- testdriver -->
      </class> <!-- brokenimage -->
    </test> <!-- Default test -->
  </suite> <!-- Default suite -->
</testng-results>
