<?xml version="1.0" encoding="UTF-8"?>
<testng-results skipped="0" failed="0" ignored="0" total="1" passed="1">
  <reporter-output>
  </reporter-output>
  <suite name="Suite" duration-ms="42" started-at="2018-12-08T09:20:02Z" finished-at="2018-12-08T09:20:02Z">
    <groups>
    </groups>
    <test name="Test" duration-ms="42" started-at="2018-12-08T09:20:02Z" finished-at="2018-12-08T09:20:02Z">
      <class name="commandlinetestng.runfromcommand">
        <test-method status="PASS" signature="test1()[pri:0, instance:commandlinetestng.runfromcommand@215be6bb]" name="test1" duration-ms="10" started-at="2018-12-08T09:20:02Z" finished-at="2018-12-08T09:20:02Z">
          <reporter-output>
          </reporter-output>
        </test-method> <!-- test1 -->
      </class> <!-- commandlinetestng.runfromcommand -->
    </test> <!-- Test -->
  </suite> <!-- Suite -->
</testng-results>
